# JRE version: OpenJDK Runtime Environment (8.0_152) (build 1.8.0_152-release-1343-b16-5323222)
# Java VM: OpenJDK 64-Bit Server VM (25.152-b16-5323222 mixed mode linux-amd64 compressed oops)
Heap:
 PSYoungGen      total 313856K, used 292138K [0x00000000eab00000, 0x00000000ffe80000, 0x0000000100000000)
  eden space 282112K, 97% used [0x00000000eab00000,0x00000000fb7571c8,0x00000000fbe80000)
  from space 31744K, 54% used [0x00000000fdf80000,0x00000000ff073760,0x00000000ffe80000)
  to   space 32768K, 99% used [0x00000000fbe80000,0x00000000fde7a448,0x00000000fde80000)
 ParOldGen       total 148480K, used 145670K [0x00000000c0000000, 0x00000000c9100000, 0x00000000eab00000)
  object space 148480K, 98% used [0x00000000c0000000,0x00000000c8e41a08,0x00000000c9100000)
 Metaspace       used 84899K, capacity 88351K, committed 88664K, reserved 1126400K
  class space    used 10753K, capacity 11586K, committed 11648K, reserved 1048576K
GC Heap History (10 events):
Event: 1273,633 GC heap after
Heap after GC invocations=24 (full 3):
 PSYoungGen      total 320512K, used 14041K [0x00000000eab00000, 0x0000000100000000, 0x0000000100000000)
  eden space 291840K, 0% used [0x00000000eab00000,0x00000000eab00000,0x00000000fc800000)
  from space 28672K, 48% used [0x00000000fc800000,0x00000000fd5b67e8,0x00000000fe400000)
  to   space 28160K, 0% used [0x00000000fe480000,0x00000000fe480000,0x0000000100000000)
 ParOldGen       total 75776K, used 69477K [0x00000000c0000000, 0x00000000c4a00000, 0x00000000eab00000)
  object space 75776K, 91% used [0x00000000c0000000,0x00000000c43d94f0,0x00000000c4a00000)
 Metaspace       used 78571K, capacity 81833K, committed 82136K, reserved 1120256K
  class space    used 10122K, capacity 10881K, committed 11008K, reserved 1048576K
}
Event: 1273,633 GC heap before
{Heap before GC invocations=25 (full 4):
 PSYoungGen      total 320512K, used 14041K [0x00000000eab00000, 0x0000000100000000, 0x0000000100000000)
  eden space 291840K, 0% used [0x00000000eab00000,0x00000000eab00000,0x00000000fc800000)
  from space 28672K, 48% used [0x00000000fc800000,0x00000000fd5b67e8,0x00000000fe400000)
  to   space 28160K, 0% used [0x00000000fe480000,0x00000000fe480000,0x0000000100000000)
 ParOldGen       total 75776K, used 69477K [0x00000000c0000000, 0x00000000c4a00000, 0x00000000eab00000)
  object space 75776K, 91% used [0x00000000c0000000,0x00000000c43d94f0,0x00000000c4a00000)
 Metaspace       used 78571K, capacity 81833K, committed 82136K, reserved 1120256K
  class space    used 10122K, capacity 10881K, committed 11008K, reserved 1048576K
Event: 1274,161 GC heap after
Heap after GC invocations=25 (full 4):
 PSYoungGen      total 320512K, used 0K [0x00000000eab00000, 0x0000000100000000, 0x0000000100000000)
  eden space 291840K, 0% used [0x00000000eab00000,0x00000000eab00000,0x00000000fc800000)
  from space 28672K, 0% used [0x00000000fc800000,0x00000000fc800000,0x00000000fe400000)
  to   space 28160K, 0% used [0x00000000fe480000,0x00000000fe480000,0x0000000100000000)
 ParOldGen       total 122368K, used 69279K [0x00000000c0000000, 0x00000000c7780000, 0x00000000eab00000)
  object space 122368K, 56% used [0x00000000c0000000,0x00000000c43a7f60,0x00000000c7780000)
 Metaspace       used 78462K, capacity 81603K, committed 82136K, reserved 1120256K
  class space    used 10096K, capacity 10812K, committed 11008K, reserved 1048576K
}
Event: 3139,209 GC heap before
{Heap before GC invocations=26 (full 4):
 PSYoungGen      total 320512K, used 291840K [0x00000000eab00000, 0x0000000100000000, 0x0000000100000000)
  eden space 291840K, 100% used [0x00000000eab00000,0x00000000fc800000,0x00000000fc800000)
  from space 28672K, 0% used [0x00000000fc800000,0x00000000fc800000,0x00000000fe400000)
  to   space 28160K, 0% used [0x00000000fe480000,0x00000000fe480000,0x0000000100000000)
 ParOldGen       total 122368K, used 69279K [0x00000000c0000000, 0x00000000c7780000, 0x00000000eab00000)
  object space 122368K, 56% used [0x00000000c0000000,0x00000000c43a7f60,0x00000000c7780000)
 Metaspace       used 79886K, capacity 83275K, committed 83544K, reserved 1122304K
  class space    used 10226K, capacity 11006K, committed 11136K, reserved 1048576K
Event: 3143,003 GC heap after
Heap after GC invocations=26 (full 4):
 PSYoungGen      total 309760K, used 28148K [0x00000000eab00000, 0x0000000100000000, 0x0000000100000000)
  eden space 281600K, 0% used [0x00000000eab00000,0x00000000eab00000,0x00000000fbe00000)
  from space 28160K, 99% used [0x00000000fe480000,0x00000000ffffd230,0x0000000100000000)
  to   space 33792K, 0% used [0x00000000fbe00000,0x00000000fbe00000,0x00000000fdf00000)
 ParOldGen       total 122368K, used 72221K [0x00000000c0000000, 0x00000000c7780000, 0x00000000eab00000)
  object space 122368K, 59% used [0x00000000c0000000,0x00000000c4687718,0x00000000c7780000)
 Metaspace       used 79886K, capacity 83275K, committed 83544K, reserved 1122304K
  class space    used 10226K, capacity 11006K, committed 11136K, reserved 1048576K
}
Event: 3158,061 GC heap before
{Heap before GC invocations=27 (full 4):
 PSYoungGen      total 309760K, used 309748K [0x00000000eab00000, 0x0000000100000000, 0x0000000100000000)
  eden space 281600K, 100% used [0x00000000eab00000,0x00000000fbe00000,0x00000000fbe00000)
  from space 28160K, 99% used [0x00000000fe480000,0x00000000ffffd230,0x0000000100000000)
  to   space 33792K, 0% used [0x00000000fbe00000,0x00000000fbe00000,0x00000000fdf00000)
 ParOldGen       total 122368K, used 72221K [0x00000000c0000000, 0x00000000c7780000, 0x00000000eab00000)
  object space 122368K, 59% used [0x00000000c0000000,0x00000000c4687718,0x00000000c7780000)
 Metaspace       used 80857K, capacity 84357K, committed 84696K, reserved 1122304K
  class space    used 10344K, capacity 11145K, committed 11264K, reserved 1048576K
Event: 3158,109 GC heap after
Heap after GC invocations=27 (full 4):
 PSYoungGen      total 315392K, used 5875K [0x00000000eab00000, 0x0000000100000000, 0x0000000100000000)
  eden space 281600K, 0% used [0x00000000eab00000,0x00000000eab00000,0x00000000fbe00000)
  from space 33792K, 17% used [0x00000000fbe00000,0x00000000fc3bccd8,0x00000000fdf00000)
  to   space 33280K, 0% used [0x00000000fdf80000,0x00000000fdf80000,0x0000000100000000)
 ParOldGen       total 122368K, used 76464K [0x00000000c0000000, 0x00000000c7780000, 0x00000000eab00000)
  object space 122368K, 62% used [0x00000000c0000000,0x00000000c4aac068,0x00000000c7780000)
 Metaspace       used 80857K, capacity 84357K, committed 84696K, reserved 1122304K
  class space    used 10344K, capacity 11145K, committed 11264K, reserved 1048576K
}
Event: 3171,667 GC heap before
{Heap before GC invocations=28 (full 4):
 PSYoungGen      total 315392K, used 287475K [0x00000000eab00000, 0x0000000100000000, 0x0000000100000000)
  eden space 281600K, 100% used [0x00000000eab00000,0x00000000fbe00000,0x00000000fbe00000)
  from space 33792K, 17% used [0x00000000fbe00000,0x00000000fc3bccd8,0x00000000fdf00000)
  to   space 33280K, 0% used [0x00000000fdf80000,0x00000000fdf80000,0x0000000100000000)
 ParOldGen       total 122368K, used 76464K [0x00000000c0000000, 0x00000000c7780000, 0x00000000eab00000)
  object space 122368K, 62% used [0x00000000c0000000,0x00000000c4aac068,0x00000000c7780000)
 Metaspace       used 82258K, capacity 85711K, committed 85848K, reserved 1124352K
  class space    used 10497K, capacity 11326K, committed 11392K, reserved 1048576K
Event: 3171,838 GC heap after
Heap after GC invocations=28 (full 4):
 PSYoungGen      total 313856K, used 17357K [0x00000000eab00000, 0x00000000ffe80000, 0x0000000100000000)
  eden space 282112K, 0% used [0x00000000eab00000,0x00000000eab00000,0x00000000fbe80000)
  from space 31744K, 54% used [0x00000000fdf80000,0x00000000ff073760,0x00000000ffe80000)
  to   space 32768K, 0% used [0x00000000fbe80000,0x00000000fbe80000,0x00000000fde80000)
 ParOldGen       total 122368K, used 76472K [0x00000000c0000000, 0x00000000c7780000, 0x00000000eab00000)
  object space 122368K, 62% used [0x00000000c0000000,0x00000000c4aae068,0x00000000c7780000)
 Metaspace       used 82258K, capacity 85711K, committed 85848K, reserved 1124352K
  class space    used 10497K, capacity 11326K, committed 11392K, reserved 1048576K
}
Event: 3179,318 GC heap before
{Heap before GC invocations=29 (full 4):
 PSYoungGen      total 313856K, used 292138K [0x00000000eab00000, 0x00000000ffe80000, 0x0000000100000000)
  eden space 282112K, 97% used [0x00000000eab00000,0x00000000fb7571c8,0x00000000fbe80000)
  from space 31744K, 54% used [0x00000000fdf80000,0x00000000ff073760,0x00000000ffe80000)
  to   space 32768K, 0% used [0x00000000fbe80000,0x00000000fbe80000,0x00000000fde80000)
 ParOldGen       total 122368K, used 102373K [0x00000000c0000000, 0x00000000c7780000, 0x00000000eab00000)
  object space 122368K, 83% used [0x00000000c0000000,0x00000000c63f9400,0x00000000c7780000)
 Metaspace       used 84899K, capacity 88351K, committed 88664K, reserved 1126400K
  class space    used 10753K, capacity 11586K, committed 11648K, reserved 1048576K

